<?xml version="1.0" encoding="UTF-8"?>
<coverage generated="1772019288653" clover="3.2.0">
  <project timestamp="1772019288654" name="All files">
    <metrics statements="8" coveredstatements="8" conditionals="4" coveredconditionals="4" methods="4" coveredmethods="4" elements="16" coveredelements="16" complexity="0" loc="8" ncloc="8" packages="1" files="1" classes="1"/>
    <file name="ApiRepository.ts" path="C:\Users\Adede\IdeaProjects\Callora-Backend\src\repositories\ApiRepository.ts">
      <metrics statements="8" coveredstatements="8" conditionals="4" coveredconditionals="4" methods="4" coveredmethods="4"/>
      <line num="11" count="7" type="stmt"/>
      <line num="15" count="6" type="stmt"/>
      <line num="19" count="2" type="stmt"/>
      <line num="20" count="2" type="cond" truecount="2" falsecount="0"/>
      <line num="24" count="1" type="stmt"/>
      <line num="25" count="1" type="stmt"/>
      <line num="29" count="2" type="stmt"/>
      <line num="33" count="2" type="cond" truecount="2" falsecount="0"/>
    </file>
  </project>
</coverage>
