{"C:\\Users\\Adede\\IdeaProjects\\Callora-Backend\\src\\repositories\\ApiRepository.ts": {"path":"C:\\Users\\Adede\\IdeaProjects\\Callora-Backend\\src\\repositories\\ApiRepository.ts","statementMap":{"0":{"start":{"line":11,"column":19},"end":{"line":14,"column":null}},"1":{"start":{"line":15,"column":4},"end":{"line":15,"column":null}},"2":{"start":{"line":19,"column":19},"end":{"line":19,"column":null}},"3":{"start":{"line":20,"column":4},"end":{"line":20,"column":null}},"4":{"start":{"line":24,"column":19},"end":{"line":24,"column":null}},"5":{"start":{"line":25,"column":4},"end":{"line":25,"column":null}},"6":{"start":{"line":29,"column":19},"end":{"line":32,"column":null}},"7":{"start":{"line":33,"column":4},"end":{"line":33,"column":null}}},"fnMap":{"0":{"name":"(anonymous_0)","decl":{"start":{"line":10,"column":6},"end":{"line":10,"column":13}},"loc":{"start":{"line":10,"column":62},"end":{"line":16,"column":null}},"line":10},"1":{"name":"(anonymous_1)","decl":{"start":{"line":18,"column":8},"end":{"line":18,"column":17}},"loc":{"start":{"line":18,"column":56},"end":{"line":21,"column":null}},"line":18},"2":{"name":"(anonymous_2)","decl":{"start":{"line":23,"column":8},"end":{"line":23,"column":40}},"loc":{"start":{"line":23,"column":40},"end":{"line":26,"column":null}},"line":23},"3":{"name":"(anonymous_3)","decl":{"start":{"line":28,"column":8},"end":{"line":28,"column":15}},"loc":{"start":{"line":28,"column":80},"end":{"line":34,"column":null}},"line":28}},"branchMap":{"0":{"loc":{"start":{"line":20,"column":11},"end":{"line":20,"column":null}},"type":"binary-expr","locations":[{"start":{"line":20,"column":11},"end":{"line":20,"column":29}},{"start":{"line":20,"column":29},"end":{"line":20,"column":null}}],"line":20},"1":{"loc":{"start":{"line":33,"column":11},"end":{"line":33,"column":null}},"type":"binary-expr","locations":[{"start":{"line":33,"column":11},"end":{"line":33,"column":29}},{"start":{"line":33,"column":29},"end":{"line":33,"column":null}}],"line":33}},"s":{"0":7,"1":6,"2":2,"3":2,"4":1,"5":1,"6":2,"7":2},"f":{"0":7,"1":2,"2":1,"3":2},"b":{"0":[2,1],"1":[2,1]},"meta":{"lastBranch":2,"lastFunction":4,"lastStatement":8,"seen":{"f:10:6:10:13":0,"s:11:19:14:Infinity":0,"s:15:4:15:Infinity":1,"f:18:8:18:17":1,"s:19:19:19:Infinity":2,"s:20:4:20:Infinity":3,"b:20:11:20:29:20:29:20:Infinity":0,"f:23:8:23:40":2,"s:24:19:24:Infinity":4,"s:25:4:25:Infinity":5,"f:28:8:28:15":3,"s:29:19:32:Infinity":6,"s:33:4:33:Infinity":7,"b:33:11:33:29:33:29:33:Infinity":1}}}
}
